#
# There is insufficient memory for the Java Runtime Environment to continue.
# Native memory allocation (mmap) failed to map 132120576 bytes. Error detail: G1 virtual space
# Possible reasons:
#   The system is out of physical RAM or swap space
#   This process is running with CompressedOops enabled, and the Java Heap may be blocking the growth of the native heap
# Possible solutions:
#   Reduce memory load on the system
#   Increase physical memory or swap space
#   Check if swap backing store is full
#   Decrease Java heap size (-Xmx/-Xms)
#   Decrease number of Java threads
#   Decrease Java thread stack sizes (-Xss)
#   Set larger code cache with -XX:ReservedCodeCacheSize=
#   JVM is running with Unscaled Compressed Oops mode in which the Java heap is
#     placed in the first 4GB address space. The Java Heap base address is the
#     maximum limit for the native heap growth. Please use -XX:HeapBaseMinAddress
#     to set the Java Heap base and to place the Java Heap above 4GB virtual address.
# This output file may be truncated or incomplete.
#
#  Out of Memory Error (os_windows.cpp:3766), pid=22144, tid=3528
#
# JRE version:  (25.0.2+1) (build )
# Java VM: OpenJDK 64-Bit Server VM (25.0.2+1-b329.117, mixed mode, sharing, tiered, compressed oops, compressed class ptrs, g1 gc, windows-amd64)
# No core dump will be written. Minidumps are not enabled by default on client versions of Windows
#

---------------  S U M M A R Y ------------

Command Line: git4idea.http.GitAskPassApp Username for 'https://github.com': 

Host: Intel(R) Core(TM) i3-1005G1 CPU @ 1.20GHz, 4 cores, 7G,  Windows 11 , 64 bit Build 26100 (10.0.26100.8328)
Time: Fri May 29 11:36:46 2026 Hora oficial do Brasil elapsed time: 0.076557 seconds (0d 0h 0m 0s)

---------------  T H R E A D  ---------------

Current thread (0x000001bcefb03dc0):  JavaThread "Unknown thread" [_thread_in_vm, id=3528, stack(0x000000501ca00000,0x000000501cb00000) (1024K)]

Stack: [0x000000501ca00000,0x000000501cb00000]
Native frames: (J=compiled Java code, j=interpreted, Vv=VM code, C=native code)
V  [jvm.dll+0x7c0cc9]  (no source info available)
V  [jvm.dll+0x78a49d]  (no source info available)
V  [jvm.dll+0xa0e693]  (no source info available)
V  [jvm.dll+0xa10e8c]  (no source info available)
V  [jvm.dll+0xa11583]  (no source info available)
V  [jvm.dll+0x307b46]  (no source info available)
V  [jvm.dll+0x7bced5]  (no source info available)
V  [jvm.dll+0x7afe97]  (no source info available)
V  [jvm.dll+0x40159e]  (no source info available)
V  [jvm.dll+0x4093bb]  (no source info available)
V  [jvm.dll+0x3f5bf9]  (no source info available)
V  [jvm.dll+0x3f5eab]  (no source info available)
V  [jvm.dll+0x3cc053]  (no source info available)
V  [jvm.dll+0x3cccbe]  (no source info available)
V  [jvm.dll+0x9d4a07]  (no source info available)
V  [jvm.dll+0x466ce2]  (no source info available)
V  [jvm.dll+0x9b8139]  (no source info available)
V  [jvm.dll+0x508a01]  (no source info available)
V  [jvm.dll+0x50a371]  (no source info available)
C  [jli.dll+0x541a]  (no source info available)
C  [ucrtbase.dll+0x37b0]  (no source info available)
C  [KERNEL32.DLL+0x2e957]  (no source info available)
C  [ntdll.dll+0x427c]  (no source info available)

Lock stack of current Java thread (top to bottom):


---------------  P R O C E S S  ---------------

Threads class SMR info:
_java_thread_list=0x00007ffeee6a9108, length=0, elements={
}

Java Threads: ( => current thread )
Total: 0

Other Threads:
  0x000001bcf1e56270 WorkerThread "GC Thread#0"                     [id=13288, stack(0x000000501cb00000,0x000000501cc00000) (1024K)]
  0x000001bcf1e6e980 ConcurrentGCThread "G1 Main Marker"            [id=3816, stack(0x000000501cc00000,0x000000501cd00000) (1024K)]
  0x000001bcf1e71380 WorkerThread "G1 Conc#0"                       [id=13260, stack(0x000000501cd00000,0x000000501ce00000) (1024K)]

[error occurred during error reporting (printing all threads), id 0xc0000005, EXCEPTION_ACCESS_VIOLATION (0xc0000005) at pc=0x00007ffeedcc0caa]
VM state: not at safepoint (not fully initialized)

VM Mutex/Monitor currently owned by a thread:  ([mutex/lock_event])
[0x00007ffeee731d10] Heap_lock - owner thread: 0x000001bcefb03dc0

Heap address: 0x0000000083400000, size: 1996 MB, Compressed Oops mode: 32-bit

CDS archive(s) mapped at: [0x0000000000000000-0x0000000000000000-0x0000000000000000), size 0, SharedBaseAddress: 0x0000000800000000, ArchiveRelocationMode: 1.
UseCompressedClassPointers 1, UseCompactObjectHeaders 0
Narrow klass pointer bits 32, Max shift 3
Narrow klass base: 0xffffffffffffffff, Narrow klass shift: -1
Encoding Range: [0xffffffffffffffff - 0x000000007fffffff), (2147483648 bytes)
Klass Range:    [0x0000000000000000 - 0x0000000000000000), (0 bytes)
Klass ID Range:  [4294967295 - 0) (1)
No protection zone.

GC Precious Log:
 CardTable entry size: 512
 Card Set container configuration: InlinePtr #cards 5 size 8 Array Of Cards #cards 10 size 36 Howl #buckets 4 coarsen threshold 1843 Howl Bitmap #cards 512 size 80 coarsen threshold 460 Card regions per heap region 1 cards per card region 2048

Heap:
 garbage-first heap   total reserved 2043904K, committed 0K, used 0K [0x0000000083400000, 0x0000000100000000)
  region size 1024K, 0 young (0K), 0 survivors (0K)

Heap Regions: E=young(eden), S=young(survivor), O=old, HS=humongous(starts), HC=humongous(continues), CS=collection set, F=free, TAMS=top-at-mark-start, PB=parsable bottom

Card table byte_map: [0x000001bcf65f0000,0x000001bcf69e0000] _byte_map_base: 0x000001bcf61d6000

Marking Bits: (CMBitMap*) 0x000001bcf1e56a00
 Bits: [0x000001bcf69e0000, 0x000001bcf8910000)

GC Heap Usage History (0 events):
No events

Metaspace Usage History (0 events):
No events

Dll operation events (1 events):
Event: 0.063 Loaded shared library C:\Program Files\JetBrains\IntelliJ IDEA 2026.1.1\jbr\bin\java.dll

Deoptimization events (0 events):
No events

Classes loaded (0 events):
No events

Classes unloaded (0 events):
No events

Classes redefined (0 events):
No events

Internal exceptions (0 events):
No events

VM Operations (0 events):
No events

Memory protections (0 events):
No events

Nmethod flushes (0 events):
No events

Events (0 events):
No events


Dynamic libraries:
0x00007ff671350000 - 0x00007ff67135a000 	C:\Program Files\JetBrains\IntelliJ IDEA 2026.1.1\jbr\bin\java.exe
0x00007fff4b220000 - 0x00007fff4b487000 	C:\WINDOWS\SYSTEM32\ntdll.dll
0x00007fff49cc0000 - 0x00007fff49d89000 	C:\WINDOWS\System32\KERNEL32.DLL
0x00007fff48a30000 - 0x00007fff48e27000 	C:\WINDOWS\System32\KERNELBASE.dll
0x00007fff47dd0000 - 0x00007fff47f1b000 	C:\WINDOWS\System32\ucrtbase.dll
0x00007fff244c0000 - 0x00007fff244d7000 	C:\Program Files\JetBrains\IntelliJ IDEA 2026.1.1\jbr\bin\jli.dll
0x00007fff4a6f0000 - 0x00007fff4a8b6000 	C:\WINDOWS\System32\USER32.dll
0x00007fff48f70000 - 0x00007fff48f97000 	C:\WINDOWS\System32\win32u.dll
0x00007fff490d0000 - 0x00007fff490fb000 	C:\WINDOWS\System32\GDI32.dll
0x00007fff47f20000 - 0x00007fff4804c000 	C:\WINDOWS\System32\gdi32full.dll
0x00007fff48980000 - 0x00007fff48a23000 	C:\WINDOWS\System32\msvcp_win.dll
0x00007fff36460000 - 0x00007fff3647e000 	C:\Program Files\JetBrains\IntelliJ IDEA 2026.1.1\jbr\bin\VCRUNTIME140.dll
0x00007fff330b0000 - 0x00007fff33342000 	C:\WINDOWS\WinSxS\amd64_microsoft.windows.common-controls_6595b64144ccf1df_6.0.26100.8457_none_3e0b2faee331e92d\COMCTL32.dll
0x00007fff4a9c0000 - 0x00007fff4aa69000 	C:\WINDOWS\System32\msvcrt.dll
0x00007fff49b60000 - 0x00007fff49b92000 	C:\WINDOWS\System32\IMM32.DLL
0x00007fff36520000 - 0x00007fff3652c000 	C:\Program Files\JetBrains\IntelliJ IDEA 2026.1.1\jbr\bin\vcruntime140_1.dll
0x00007fff078f0000 - 0x00007fff07979000 	C:\Program Files\JetBrains\IntelliJ IDEA 2026.1.1\jbr\bin\msvcp140.dll
0x00007ffeed8e0000 - 0x00007ffeee832000 	C:\Program Files\JetBrains\IntelliJ IDEA 2026.1.1\jbr\bin\server\jvm.dll
0x00007fff49fc0000 - 0x00007fff4a076000 	C:\WINDOWS\System32\ADVAPI32.dll
0x00007fff49020000 - 0x00007fff490c7000 	C:\WINDOWS\System32\sechost.dll
0x00007fff49ba0000 - 0x00007fff49cb8000 	C:\WINDOWS\System32\RPCRT4.dll
0x00007fff4a8c0000 - 0x00007fff4a940000 	C:\WINDOWS\System32\WS2_32.dll
0x00007fff47ad0000 - 0x00007fff47b2e000 	C:\WINDOWS\SYSTEM32\POWRPROF.dll
0x00007fff35e30000 - 0x00007fff35e66000 	C:\WINDOWS\SYSTEM32\WINMM.dll
0x00007fff385d0000 - 0x00007fff385db000 	C:\WINDOWS\SYSTEM32\VERSION.dll
0x00007fff47ab0000 - 0x00007fff47ac4000 	C:\WINDOWS\SYSTEM32\UMPDC.dll
0x00007fff469e0000 - 0x00007fff469fb000 	C:\WINDOWS\SYSTEM32\kernel.appcore.dll
0x00007fff36450000 - 0x00007fff3645a000 	C:\Program Files\JetBrains\IntelliJ IDEA 2026.1.1\jbr\bin\jimage.dll
0x00007fff459d0000 - 0x00007fff45c12000 	C:\WINDOWS\SYSTEM32\DBGHELP.DLL
0x00007fff4ac20000 - 0x00007fff4afa3000 	C:\WINDOWS\System32\combase.dll
0x00007fff4a080000 - 0x00007fff4a159000 	C:\WINDOWS\System32\OLEAUT32.dll
0x00007fff20020000 - 0x00007fff2005b000 	C:\WINDOWS\SYSTEM32\dbgcore.DLL
0x00007fff48ec0000 - 0x00007fff48f68000 	C:\WINDOWS\System32\bcryptPrimitives.dll
0x00007fff362a0000 - 0x00007fff362bf000 	C:\Program Files\JetBrains\IntelliJ IDEA 2026.1.1\jbr\bin\java.dll
0x00007fff49e20000 - 0x00007fff49fb7000 	C:\WINDOWS\System32\ole32.dll
0x00007fff49360000 - 0x00007fff49ace000 	C:\WINDOWS\System32\SHELL32.dll

JVMTI agents: none

dbghelp: loaded successfully - version: 4.0.5 - missing functions: none
symbol engine: initialized successfully - sym options: 0x614 - pdb path: .;C:\Program Files\JetBrains\IntelliJ IDEA 2026.1.1\jbr\bin;C:\WINDOWS\SYSTEM32;C:\WINDOWS\WinSxS\amd64_microsoft.windows.common-controls_6595b64144ccf1df_6.0.26100.8457_none_3e0b2faee331e92d;C:\Program Files\JetBrains\IntelliJ IDEA 2026.1.1\jbr\bin\server

VM Arguments:
java_command: git4idea.http.GitAskPassApp Username for 'https://github.com': 
java_class_path (initial): C:/Program Files/JetBrains/IntelliJ IDEA 2026.1.1/plugins/vcs-git/lib/git4idea-rt.jar;C:/Program Files/JetBrains/IntelliJ IDEA 2026.1.1/lib/externalProcess-rt.jar
Launcher Type: SUN_STANDARD

[Global flags]
     intx CICompilerCount                          = 3                                         {product} {ergonomic}
     uint ConcGCThreads                            = 1                                         {product} {ergonomic}
     uint G1ConcRefinementThreads                  = 4                                         {product} {ergonomic}
   size_t G1HeapRegionSize                         = 1048576                                   {product} {ergonomic}
   size_t InitialHeapSize                          = 132120576                                 {product} {ergonomic}
   size_t MarkStackSize                            = 4194304                                   {product} {ergonomic}
   size_t MarkStackSizeMax                         = 536870912                                 {product} {ergonomic}
   size_t MaxHeapSize                              = 2092957696                                {product} {ergonomic}
   size_t MinHeapDeltaBytes                        = 1048576                                   {product} {ergonomic}
   size_t MinHeapSize                              = 8388608                                   {product} {ergonomic}
    uintx NonNMethodCodeHeapSize                   = 5832704                                {pd product} {ergonomic}
    uintx NonProfiledCodeHeapSize                  = 122945536                              {pd product} {ergonomic}
    uintx ProfiledCodeHeapSize                     = 122880000                              {pd product} {ergonomic}
    uintx ReservedCodeCacheSize                    = 251658240                              {pd product} {ergonomic}
     bool SegmentedCodeCache                       = true                                      {product} {ergonomic}
   size_t SoftMaxHeapSize                          = 2092957696                             {manageable} {ergonomic}
     bool UseCompressedOops                        = true                           {product lp64_product} {ergonomic}
     bool UseG1GC                                  = true                                      {product} {ergonomic}
     bool UseLargePagesIndividualAllocation        = false                                  {pd product} {ergonomic}

Logging:
Log output configuration:
 #0: stdout all=warning uptime,level,tags foldmultilines=false
 #1: stderr all=off uptime,level,tags foldmultilines=false

Release file:
<release file has not been read>
Environment Variables:
PATH=C:/Program Files/Git/mingw64/libexec/git-core;C:/Program Files/Git/mingw64/libexec/git-core;C:\Program Files\Git\mingw64\bin;C:\Program Files\Git\usr\bin;C:\Users\Sueli Leite Lessa\bin;C:\Program Files\Common Files\Oracle\Java\javapath;C:\ProgramData\Oracle\Java\javapath;C:\WINDOWS\system32;C:\WINDOWS;C:\WINDOWS\System32\Wbem;C:\WINDOWS\System32\WindowsPowerShell\v1.0\;C:\WINDOWS\System32\OpenSSH\;C:\Program Files\dotnet\;C:\Program Files\Git\cmd;C:\Program Files\nodejs\;C:\cmder\;C:\Users\Sueli Leite Lessa\AppData\Roaming\npm;C:\apache-maven-3.9.15\bin;C:\Android\platform-tools;C:\Program Files\Tailscale\;C:\Users\Sueli Leite Lessa\AppData\Local\Microsoft\WindowsApps;C:\Users\Sueli Leite Lessa\AppData\Local\GitHubDesktop\bin;C:\Users\Sueli Leite Lessa\AppData\Local\Programs\Microsoft VS Code\bin
USERNAME=Sueli Leite Lessa
DISPLAY=:0.0
LC_ALL=en_US.UTF-8
TERM=xterm-256color
TMPDIR=C:\Users\SUELIL~1\AppData\Local\Temp
OS=Windows_NT
PROCESSOR_IDENTIFIER=Intel64 Family 6 Model 126 Stepping 5, GenuineIntel
TMP=C:\Users\SUELIL~1\AppData\Local\Temp
TEMP=C:\Users\SUELIL~1\AppData\Local\Temp




Compilation memory statistics disabled.

Periodic native trim disabled

JNI global refs:
JNI global refs: 0, weak refs: 0

JNI global refs memory usage: 0, weak refs: 0

Process memory usage:
Resident Set Size: 13696K (0% of 8172664K total physical memory with 383904K free physical memory)

OOME stack traces (most recent first):
Classloader memory used:

---------------  S Y S T E M  ---------------

OS:
 Windows 11 , 64 bit Build 26100 (10.0.26100.8328)
OS uptime: 2 days 3:22 hours
Hyper-V role detected

CPU: total 4 (initial active 4) (2 cores per cpu, 2 threads per core) family 6 model 126 stepping 5 microcode 0xa6, cx8, cmov, fxsr, ht, mmx, 3dnowpref, sse, sse2, sse3, ssse3, sse4.1, sse4.2, popcnt, lzcnt, tsc, tscinvbit, avx, avx2, aes, erms, clmul, bmi1, bmi2, adx, avx512f, avx512dq, avx512cd, avx512bw, avx512vl, sha, fma, vzeroupper, avx512_vpopcntdq, avx512_vpclmulqdq, avx512_vaes, avx512_vnni, clflush, clflushopt, avx512_vbmi2, avx512_vbmi, hv, rdtscp, rdpid, fsrm, gfni, avx512_bitalg, f16c, avx512_ifma
Processor Information for the first 4 processors :
  Max Mhz: 1190, Current Mhz: 1190, Mhz Limit: 1190

Memory: 4k page, system-wide physical 7981M (375M free)
TotalPageFile size 32531M (AvailPageFile size 39M)
current process WorkingSet (physical memory assigned to process): 13M, peak: 13M
current process commit charge ("private bytes"): 52M, peak: 178M

vm_info: OpenJDK 64-Bit Server VM (25.0.2+1-b329.117) for windows-amd64 JRE (25.0.2+1-b329.117), built on 2026-04-20 with MS VC++ 17.14 (VS2022)

END.
